<?xml version="1.0" encoding="UTF-8"?>
<testng-results skipped="0" failed="0" total="3" passed="3">
  <reporter-output>
  </reporter-output>
  <suite name="elementManager_demo" duration-ms="76155" started-at="2016-09-14T10:16:49Z" finished-at="2016-09-14T10:18:06Z">
    <groups>
    </groups>
    <test name="lionfund_test" duration-ms="76155" started-at="2016-09-14T10:16:49Z" finished-at="2016-09-14T10:18:06Z">
      <class name="com.test.page.testcases.LionFund_02_FixedInvestment_Test">
        <test-method status="PASS" signature="setup(org.testng.ITestContext)[pri:0, instance:com.test.page.testcases.LionFund_02_FixedInvestment_Test@1bd3f6f]" name="setup" is-config="true" duration-ms="5280" started-at="2016-09-14T18:16:49Z" finished-at="2016-09-14T18:16:55Z">
          <params>
            <param index="0">
              <value>
                <![CDATA[org.testng.TestRunner@c4ccd2]]>
              </value>
            </param>
          </params>
          <reporter-output>
          </reporter-output>
        </test-method> <!-- setup -->
        <test-method status="PASS" signature="addFixedTest()[pri:0, instance:com.test.page.testcases.LionFund_02_FixedInvestment_Test@1bd3f6f]" name="addFixedTest" duration-ms="40651" started-at="2016-09-14T18:16:55Z" finished-at="2016-09-14T18:17:36Z">
          <reporter-output>
          </reporter-output>
        </test-method> <!-- addFixedTest -->
        <test-method status="PASS" signature="editFixedTest()[pri:0, instance:com.test.page.testcases.LionFund_02_FixedInvestment_Test@1bd3f6f]" name="editFixedTest" duration-ms="17502" started-at="2016-09-14T18:17:36Z" depends-on-methods="com.test.page.testcases.LionFund_02_FixedInvestment_Test.addFixedTest" finished-at="2016-09-14T18:17:53Z">
          <reporter-output>
          </reporter-output>
        </test-method> <!-- editFixedTest -->
        <test-method status="PASS" signature="pauseFixedTest()[pri:0, instance:com.test.page.testcases.LionFund_02_FixedInvestment_Test@1bd3f6f]" name="pauseFixedTest" duration-ms="12384" started-at="2016-09-14T18:17:53Z" depends-on-methods="com.test.page.testcases.LionFund_02_FixedInvestment_Test.editFixedTest" finished-at="2016-09-14T18:18:05Z">
          <reporter-output>
          </reporter-output>
        </test-method> <!-- pauseFixedTest -->
        <test-method status="PASS" signature="teardown(org.testng.ITestContext)[pri:0, instance:com.test.page.testcases.LionFund_02_FixedInvestment_Test@1bd3f6f]" name="teardown" is-config="true" duration-ms="194" started-at="2016-09-14T18:18:05Z" finished-at="2016-09-14T18:18:06Z">
          <params>
            <param index="0">
              <value>
                <![CDATA[org.testng.TestRunner@c4ccd2]]>
              </value>
            </param>
          </params>
          <reporter-output>
          </reporter-output>
        </test-method> <!-- teardown -->
      </class> <!-- com.test.page.testcases.LionFund_02_FixedInvestment_Test -->
    </test> <!-- lionfund_test -->
  </suite> <!-- elementManager_demo -->
</testng-results>
